# JRE version: OpenJDK Runtime Environment Temurin-21.0.8+9 (21.0.8+9) (build 21.0.8+9-LTS)
# Java VM: OpenJDK 64-Bit Server VM Temurin-21.0.8+9 (21.0.8+9-LTS, mixed mode, sharing, tiered, compressed oops, compressed class ptrs, parallel gc, windows-amd64)
GC Precious Log:
 CardTable entry size: 512
 CPUs: 16 total, 16 available
 Memory: 16306M
 Large Page Support: Disabled
 NUMA Support: Disabled
 Compressed Oops: Enabled (32-bit)
 Alignments: Space 512K, Generation 512K, Heap 2M
 Heap Min Capacity: 100M
 Heap Initial Capacity: 100M
 Heap Max Capacity: 2G
 Pre-touch: Disabled
 Parallel Workers: 13
Heap:
 PSYoungGen      total 6144K, used 6114K [0x00000000d5580000, 0x00000000d6700000, 0x0000000100000000)
  eden space 2560K, 99% used [0x00000000d5580000,0x00000000d57fea98,0x00000000d5800000)
  from space 3584K, 99% used [0x00000000d5e80000,0x00000000d61fa020,0x00000000d6200000)
  to   space 6656K, 38% used [0x00000000d5800000,0x00000000d5a81298,0x00000000d5e80000)
 ParOldGen       total 1048576K, used 1048492K [0x0000000080000000, 0x00000000c0000000, 0x00000000d5580000)
  object space 1048576K, 99% used [0x0000000080000000,0x00000000bffeb390,0x00000000c0000000)
 Metaspace       used 98666K, committed 100288K, reserved 1179648K
  class space    used 9651K, committed 10432K, reserved 1048576K
GC Heap History (20 events):
Event: 2764.750 GC heap after
{Heap after GC invocations=15334 (full 20):
 PSYoungGen      total 10240K, used 544K [0x00000000d5580000, 0x00000000d6080000, 0x0000000100000000)
  eden space 8704K, 0% used [0x00000000d5580000,0x00000000d5580000,0x00000000d5e00000)
  from space 1536K, 35% used [0x00000000d5e00000,0x00000000d5e88000,0x00000000d5f80000)
  to   space 1024K, 0% used [0x00000000d5f80000,0x00000000d5f80000,0x00000000d6080000)
 ParOldGen       total 1022976K, used 1022560K [0x0000000080000000, 0x00000000be700000, 0x00000000d5580000)
  object space 1022976K, 99% used [0x0000000080000000,0x00000000be698220,0x00000000be700000)
 Metaspace       used 98665K, committed 100288K, reserved 1179648K
  class space    used 9651K, committed 10432K, reserved 1048576K
}
Event: 2764.793 GC heap before
{Heap before GC invocations=15335 (full 20):
 PSYoungGen      total 10240K, used 9248K [0x00000000d5580000, 0x00000000d6080000, 0x0000000100000000)
  eden space 8704K, 100% used [0x00000000d5580000,0x00000000d5e00000,0x00000000d5e00000)
  from space 1536K, 35% used [0x00000000d5e00000,0x00000000d5e88000,0x00000000d5f80000)
  to   space 1024K, 0% used [0x00000000d5f80000,0x00000000d5f80000,0x00000000d6080000)
 ParOldGen       total 1022976K, used 1022560K [0x0000000080000000, 0x00000000be700000, 0x00000000d5580000)
  object space 1022976K, 99% used [0x0000000080000000,0x00000000be698220,0x00000000be700000)
 Metaspace       used 98665K, committed 100288K, reserved 1179648K
  class space    used 9651K, committed 10432K, reserved 1048576K
}
Event: 2764.795 GC heap after
{Heap after GC invocations=15335 (full 20):
 PSYoungGen      total 9216K, used 1009K [0x00000000d5580000, 0x00000000d6200000, 0x0000000100000000)
  eden space 8192K, 0% used [0x00000000d5580000,0x00000000d5580000,0x00000000d5d80000)
  from space 1024K, 98% used [0x00000000d5f80000,0x00000000d607c700,0x00000000d6080000)
  to   space 2048K, 0% used [0x00000000d5d80000,0x00000000d5d80000,0x00000000d5f80000)
 ParOldGen       total 1022976K, used 1022957K [0x0000000080000000, 0x00000000be700000, 0x00000000d5580000)
  object space 1022976K, 99% used [0x0000000080000000,0x00000000be6fb420,0x00000000be700000)
 Metaspace       used 98665K, committed 100288K, reserved 1179648K
  class space    used 9651K, committed 10432K, reserved 1048576K
}
Event: 2764.940 GC heap before
{Heap before GC invocations=15336 (full 20):
 PSYoungGen      total 9216K, used 9201K [0x00000000d5580000, 0x00000000d6200000, 0x0000000100000000)
  eden space 8192K, 100% used [0x00000000d5580000,0x00000000d5d80000,0x00000000d5d80000)
  from space 1024K, 98% used [0x00000000d5f80000,0x00000000d607c700,0x00000000d6080000)
  to   space 2048K, 0% used [0x00000000d5d80000,0x00000000d5d80000,0x00000000d5f80000)
 ParOldGen       total 1022976K, used 1022957K [0x0000000080000000, 0x00000000be700000, 0x00000000d5580000)
  object space 1022976K, 99% used [0x0000000080000000,0x00000000be6fb420,0x00000000be700000)
 Metaspace       used 98665K, committed 100288K, reserved 1179648K
  class space    used 9651K, committed 10432K, reserved 1048576K
}
Event: 2764.941 GC heap after
{Heap after GC invocations=15336 (full 20):
 PSYoungGen      total 9216K, used 896K [0x00000000d5580000, 0x00000000d6080000, 0x0000000100000000)
  eden space 8192K, 0% used [0x00000000d5580000,0x00000000d5580000,0x00000000d5d80000)
  from space 1024K, 87% used [0x00000000d5d80000,0x00000000d5e60000,0x00000000d5e80000)
  to   space 1536K, 0% used [0x00000000d5f00000,0x00000000d5f00000,0x00000000d6080000)
 ParOldGen       total 1024000K, used 1023823K [0x0000000080000000, 0x00000000be800000, 0x00000000d5580000)
  object space 1024000K, 99% used [0x0000000080000000,0x00000000be7d3f20,0x00000000be800000)
 Metaspace       used 98665K, committed 100288K, reserved 1179648K
  class space    used 9651K, committed 10432K, reserved 1048576K
}
Event: 2764.978 GC heap before
{Heap before GC invocations=15337 (full 20):
 PSYoungGen      total 9216K, used 9088K [0x00000000d5580000, 0x00000000d6080000, 0x0000000100000000)
  eden space 8192K, 100% used [0x00000000d5580000,0x00000000d5d80000,0x00000000d5d80000)
  from space 1024K, 87% used [0x00000000d5d80000,0x00000000d5e60000,0x00000000d5e80000)
  to   space 1536K, 0% used [0x00000000d5f00000,0x00000000d5f00000,0x00000000d6080000)
 ParOldGen       total 1024000K, used 1023823K [0x0000000080000000, 0x00000000be800000, 0x00000000d5580000)
  object space 1024000K, 99% used [0x0000000080000000,0x00000000be7d3f20,0x00000000be800000)
 Metaspace       used 98665K, committed 100288K, reserved 1179648K
  class space    used 9651K, committed 10432K, reserved 1048576K
}
Event: 2764.980 GC heap after
{Heap after GC invocations=15337 (full 20):
 PSYoungGen      total 5120K, used 1512K [0x00000000d5580000, 0x00000000d6980000, 0x0000000100000000)
  eden space 3584K, 0% used [0x00000000d5580000,0x00000000d5580000,0x00000000d5900000)
  from space 1536K, 98% used [0x00000000d5f00000,0x00000000d607a308,0x00000000d6080000)
  to   space 6144K, 0% used [0x00000000d5900000,0x00000000d5900000,0x00000000d5f00000)
 ParOldGen       total 1027584K, used 1027260K [0x0000000080000000, 0x00000000beb80000, 0x00000000d5580000)
  object space 1027584K, 99% used [0x0000000080000000,0x00000000beb2f2b8,0x00000000beb80000)
 Metaspace       used 98665K, committed 100288K, reserved 1179648K
  class space    used 9651K, committed 10432K, reserved 1048576K
}
Event: 2764.985 GC heap before
{Heap before GC invocations=15338 (full 20):
 PSYoungGen      total 5120K, used 5096K [0x00000000d5580000, 0x00000000d6980000, 0x0000000100000000)
  eden space 3584K, 100% used [0x00000000d5580000,0x00000000d5900000,0x00000000d5900000)
  from space 1536K, 98% used [0x00000000d5f00000,0x00000000d607a308,0x00000000d6080000)
  to   space 6144K, 0% used [0x00000000d5900000,0x00000000d5900000,0x00000000d5f00000)
 ParOldGen       total 1027584K, used 1027260K [0x0000000080000000, 0x00000000beb80000, 0x00000000d5580000)
  object space 1027584K, 99% used [0x0000000080000000,0x00000000beb2f2b8,0x00000000beb80000)
 Metaspace       used 98665K, committed 100288K, reserved 1179648K
  class space    used 9651K, committed 10432K, reserved 1048576K
}
Event: 2764.988 GC heap after
{Heap after GC invocations=15338 (full 20):
 PSYoungGen      total 7680K, used 3776K [0x00000000d5580000, 0x00000000d6200000, 0x0000000100000000)
  eden space 3584K, 0% used [0x00000000d5580000,0x00000000d5580000,0x00000000d5900000)
  from space 4096K, 92% used [0x00000000d5900000,0x00000000d5cb0000,0x00000000d5d00000)
  to   space 4608K, 0% used [0x00000000d5d80000,0x00000000d5d80000,0x00000000d6200000)
 ParOldGen       total 1029120K, used 1028833K [0x0000000080000000, 0x00000000bed00000, 0x00000000d5580000)
  object space 1029120K, 99% used [0x0000000080000000,0x00000000becb87c0,0x00000000bed00000)
 Metaspace       used 98665K, committed 100288K, reserved 1179648K
  class space    used 9651K, committed 10432K, reserved 1048576K
}
Event: 2764.993 GC heap before
{Heap before GC invocations=15339 (full 20):
 PSYoungGen      total 7680K, used 7360K [0x00000000d5580000, 0x00000000d6200000, 0x0000000100000000)
  eden space 3584K, 100% used [0x00000000d5580000,0x00000000d5900000,0x00000000d5900000)
  from space 4096K, 92% used [0x00000000d5900000,0x00000000d5cb0000,0x00000000d5d00000)
  to   space 4608K, 0% used [0x00000000d5d80000,0x00000000d5d80000,0x00000000d6200000)
 ParOldGen       total 1029120K, used 1028833K [0x0000000080000000, 0x00000000bed00000, 0x00000000d5580000)
  object space 1029120K, 99% used [0x0000000080000000,0x00000000becb87c0,0x00000000bed00000)
 Metaspace       used 98665K, committed 100288K, reserved 1179648K
  class space    used 9651K, committed 10432K, reserved 1048576K
}
Event: 2764.996 GC heap after
{Heap after GC invocations=15339 (full 20):
 PSYoungGen      total 7680K, used 3776K [0x00000000d5580000, 0x00000000d6180000, 0x0000000100000000)
  eden space 3584K, 0% used [0x00000000d5580000,0x00000000d5580000,0x00000000d5900000)
  from space 4096K, 92% used [0x00000000d5d80000,0x00000000d6130000,0x00000000d6180000)
  to   space 4096K, 0% used [0x00000000d5900000,0x00000000d5900000,0x00000000d5d00000)
 ParOldGen       total 1032704K, used 1032473K [0x0000000080000000, 0x00000000bf080000, 0x00000000d5580000)
  object space 1032704K, 99% used [0x0000000080000000,0x00000000bf0467c0,0x00000000bf080000)
 Metaspace       used 98665K, committed 100288K, reserved 1179648K
  class space    used 9651K, committed 10432K, reserved 1048576K
}
Event: 2765.001 GC heap before
{Heap before GC invocations=15340 (full 20):
 PSYoungGen      total 7680K, used 7360K [0x00000000d5580000, 0x00000000d6180000, 0x0000000100000000)
  eden space 3584K, 100% used [0x00000000d5580000,0x00000000d5900000,0x00000000d5900000)
  from space 4096K, 92% used [0x00000000d5d80000,0x00000000d6130000,0x00000000d6180000)
  to   space 4096K, 0% used [0x00000000d5900000,0x00000000d5900000,0x00000000d5d00000)
 ParOldGen       total 1032704K, used 1032473K [0x0000000080000000, 0x00000000bf080000, 0x00000000d5580000)
  object space 1032704K, 99% used [0x0000000080000000,0x00000000bf0467c0,0x00000000bf080000)
 Metaspace       used 98665K, committed 100288K, reserved 1179648K
  class space    used 9651K, committed 10432K, reserved 1048576K
}
Event: 2765.004 GC heap after
{Heap after GC invocations=15340 (full 20):
 PSYoungGen      total 7680K, used 3776K [0x00000000d5580000, 0x00000000d6200000, 0x0000000100000000)
  eden space 3584K, 0% used [0x00000000d5580000,0x00000000d5580000,0x00000000d5900000)
  from space 4096K, 92% used [0x00000000d5900000,0x00000000d5cb0000,0x00000000d5d00000)
  to   space 4096K, 0% used [0x00000000d5e00000,0x00000000d5e00000,0x00000000d6200000)
 ParOldGen       total 1036288K, used 1036113K [0x0000000080000000, 0x00000000bf400000, 0x00000000d5580000)
  object space 1036288K, 99% used [0x0000000080000000,0x00000000bf3d47c0,0x00000000bf400000)
 Metaspace       used 98665K, committed 100288K, reserved 1179648K
  class space    used 9651K, committed 10432K, reserved 1048576K
}
Event: 2765.010 GC heap before
{Heap before GC invocations=15341 (full 20):
 PSYoungGen      total 7680K, used 7360K [0x00000000d5580000, 0x00000000d6200000, 0x0000000100000000)
  eden space 3584K, 100% used [0x00000000d5580000,0x00000000d5900000,0x00000000d5900000)
  from space 4096K, 92% used [0x00000000d5900000,0x00000000d5cb0000,0x00000000d5d00000)
  to   space 4096K, 0% used [0x00000000d5e00000,0x00000000d5e00000,0x00000000d6200000)
 ParOldGen       total 1036288K, used 1036113K [0x0000000080000000, 0x00000000bf400000, 0x00000000d5580000)
  object space 1036288K, 99% used [0x0000000080000000,0x00000000bf3d47c0,0x00000000bf400000)
 Metaspace       used 98665K, committed 100288K, reserved 1179648K
  class space    used 9651K, committed 10432K, reserved 1048576K
}
Event: 2765.013 GC heap after
{Heap after GC invocations=15341 (full 20):
 PSYoungGen      total 8704K, used 3808K [0x00000000d5580000, 0x00000000d6200000, 0x0000000100000000)
  eden space 4608K, 0% used [0x00000000d5580000,0x00000000d5580000,0x00000000d5a00000)
  from space 4096K, 92% used [0x00000000d5e00000,0x00000000d61b8000,0x00000000d6200000)
  to   space 4096K, 0% used [0x00000000d5a00000,0x00000000d5a00000,0x00000000d5e00000)
 ParOldGen       total 1039872K, used 1039753K [0x0000000080000000, 0x00000000bf780000, 0x00000000d5580000)
  object space 1039872K, 99% used [0x0000000080000000,0x00000000bf7627c0,0x00000000bf780000)
 Metaspace       used 98665K, committed 100288K, reserved 1179648K
  class space    used 9651K, committed 10432K, reserved 1048576K
}
Event: 2765.030 GC heap before
{Heap before GC invocations=15342 (full 20):
 PSYoungGen      total 8704K, used 7590K [0x00000000d5580000, 0x00000000d6200000, 0x0000000100000000)
  eden space 4608K, 82% used [0x00000000d5580000,0x00000000d5931af8,0x00000000d5a00000)
  from space 4096K, 92% used [0x00000000d5e00000,0x00000000d61b8000,0x00000000d6200000)
  to   space 4096K, 0% used [0x00000000d5a00000,0x00000000d5a00000,0x00000000d5e00000)
 ParOldGen       total 1039872K, used 1039753K [0x0000000080000000, 0x00000000bf780000, 0x00000000d5580000)
  object space 1039872K, 99% used [0x0000000080000000,0x00000000bf7627c0,0x00000000bf780000)
 Metaspace       used 98665K, committed 100288K, reserved 1179648K
  class space    used 9651K, committed 10432K, reserved 1048576K
}
Event: 2765.033 GC heap after
{Heap after GC invocations=15342 (full 20):
 PSYoungGen      total 8704K, used 3000K [0x00000000d5580000, 0x00000000d6200000, 0x0000000100000000)
  eden space 4608K, 0% used [0x00000000d5580000,0x00000000d5580000,0x00000000d5a00000)
  from space 4096K, 73% used [0x00000000d5a00000,0x00000000d5cee000,0x00000000d5e00000)
  to   space 3584K, 0% used [0x00000000d5e80000,0x00000000d5e80000,0x00000000d6200000)
 ParOldGen       total 1043456K, used 1043401K [0x0000000080000000, 0x00000000bfb00000, 0x00000000d5580000)
  object space 1043456K, 99% used [0x0000000080000000,0x00000000bfaf27c0,0x00000000bfb00000)
 Metaspace       used 98665K, committed 100288K, reserved 1179648K
  class space    used 9651K, committed 10432K, reserved 1048576K
}
Event: 2765.073 GC heap before
{Heap before GC invocations=15343 (full 20):
 PSYoungGen      total 8704K, used 7608K [0x00000000d5580000, 0x00000000d6200000, 0x0000000100000000)
  eden space 4608K, 100% used [0x00000000d5580000,0x00000000d5a00000,0x00000000d5a00000)
  from space 4096K, 73% used [0x00000000d5a00000,0x00000000d5cee000,0x00000000d5e00000)
  to   space 3584K, 0% used [0x00000000d5e80000,0x00000000d5e80000,0x00000000d6200000)
 ParOldGen       total 1043456K, used 1043401K [0x0000000080000000, 0x00000000bfb00000, 0x00000000d5580000)
  object space 1043456K, 99% used [0x0000000080000000,0x00000000bfaf27c0,0x00000000bfb00000)
 Metaspace       used 98665K, committed 100288K, reserved 1179648K
  class space    used 9651K, committed 10432K, reserved 1048576K
}
Event: 2765.076 GC heap after
{Heap after GC invocations=15343 (full 20):
 PSYoungGen      total 6144K, used 3560K [0x00000000d5580000, 0x00000000d6700000, 0x0000000100000000)
  eden space 2560K, 0% used [0x00000000d5580000,0x00000000d5580000,0x00000000d5800000)
  from space 3584K, 99% used [0x00000000d5e80000,0x00000000d61fa020,0x00000000d6200000)
  to   space 6656K, 0% used [0x00000000d5800000,0x00000000d5800000,0x00000000d5e80000)
 ParOldGen       total 1046016K, used 1045825K [0x0000000080000000, 0x00000000bfd80000, 0x00000000d5580000)
  object space 1046016K, 99% used [0x0000000080000000,0x00000000bfd507c0,0x00000000bfd80000)
 Metaspace       used 98665K, committed 100288K, reserved 1179648K
  class space    used 9651K, committed 10432K, reserved 1048576K
}
Event: 2765.081 GC heap before
{Heap before GC invocations=15344 (full 20):
 PSYoungGen      total 6144K, used 6114K [0x00000000d5580000, 0x00000000d6700000, 0x0000000100000000)
  eden space 2560K, 99% used [0x00000000d5580000,0x00000000d57fea98,0x00000000d5800000)
  from space 3584K, 99% used [0x00000000d5e80000,0x00000000d61fa020,0x00000000d6200000)
  to   space 6656K, 0% used [0x00000000d5800000,0x00000000d5800000,0x00000000d5e80000)
 ParOldGen       total 1046016K, used 1045825K [0x0000000080000000, 0x00000000bfd80000, 0x00000000d5580000)
  object space 1046016K, 99% used [0x0000000080000000,0x00000000bfd507c0,0x00000000bfd80000)
 Metaspace       used 98666K, committed 100288K, reserved 1179648K
  class space    used 9651K, committed 10432K, reserved 1048576K
}

