# JRE version: OpenJDK Runtime Environment Temurin-21.0.8+9 (21.0.8+9) (build 21.0.8+9-LTS)
# Java VM: OpenJDK 64-Bit Server VM Temurin-21.0.8+9 (21.0.8+9-LTS, mixed mode, sharing, tiered, compressed oops, compressed class ptrs, parallel gc, windows-amd64)
GC Precious Log:
 CardTable entry size: 512
 CPUs: 16 total, 16 available
 Memory: 16306M
 Large Page Support: Disabled
 NUMA Support: Disabled
 Compressed Oops: Enabled (32-bit)
 Alignments: Space 512K, Generation 512K, Heap 2M
 Heap Min Capacity: 100M
 Heap Initial Capacity: 100M
 Heap Max Capacity: 2G
 Pre-touch: Disabled
 Parallel Workers: 13
Heap:
 PSYoungGen      total 8704K, used 8550K [0x00000000d5580000, 0x00000000d6300000, 0x0000000100000000)
  eden space 4608K, 100% used [0x00000000d5580000,0x00000000d5a00000,0x00000000d5a00000)
  from space 4096K, 96% used [0x00000000d5a80000,0x00000000d5e59800,0x00000000d5e80000)
  to   space 4608K, 99% used [0x00000000d5e80000,0x00000000d62ff820,0x00000000d6300000)
 ParOldGen       total 768512K, used 768058K [0x0000000080000000, 0x00000000aee80000, 0x00000000d5580000)
  object space 768512K, 99% used [0x0000000080000000,0x00000000aee0e8b0,0x00000000aee80000)
 Metaspace       used 97875K, committed 99712K, reserved 1179648K
  class space    used 9763K, committed 10624K, reserved 1048576K
GC Heap History (20 events):
Event: 909.790 GC heap after
{Heap after GC invocations=7180 (full 12):
 PSYoungGen      total 6144K, used 608K [0x00000000d5580000, 0x00000000d5c80000, 0x0000000100000000)
  eden space 5120K, 0% used [0x00000000d5580000,0x00000000d5580000,0x00000000d5a80000)
  from space 1024K, 59% used [0x00000000d5b80000,0x00000000d5c18000,0x00000000d5c80000)
  to   space 1024K, 0% used [0x00000000d5a80000,0x00000000d5a80000,0x00000000d5b80000)
 ParOldGen       total 744448K, used 744054K [0x0000000080000000, 0x00000000ad700000, 0x00000000d5580000)
  object space 744448K, 99% used [0x0000000080000000,0x00000000ad69daf8,0x00000000ad700000)
 Metaspace       used 97875K, committed 99712K, reserved 1179648K
  class space    used 9763K, committed 10624K, reserved 1048576K
}
Event: 909.794 GC heap before
{Heap before GC invocations=7181 (full 12):
 PSYoungGen      total 6144K, used 5728K [0x00000000d5580000, 0x00000000d5c80000, 0x0000000100000000)
  eden space 5120K, 100% used [0x00000000d5580000,0x00000000d5a80000,0x00000000d5a80000)
  from space 1024K, 59% used [0x00000000d5b80000,0x00000000d5c18000,0x00000000d5c80000)
  to   space 1024K, 0% used [0x00000000d5a80000,0x00000000d5a80000,0x00000000d5b80000)
 ParOldGen       total 744448K, used 744054K [0x0000000080000000, 0x00000000ad700000, 0x00000000d5580000)
  object space 744448K, 99% used [0x0000000080000000,0x00000000ad69daf8,0x00000000ad700000)
 Metaspace       used 97875K, committed 99712K, reserved 1179648K
  class space    used 9763K, committed 10624K, reserved 1048576K
}
Event: 909.795 GC heap after
{Heap after GC invocations=7181 (full 12):
 PSYoungGen      total 6144K, used 576K [0x00000000d5580000, 0x00000000d5c80000, 0x0000000100000000)
  eden space 5120K, 0% used [0x00000000d5580000,0x00000000d5580000,0x00000000d5a80000)
  from space 1024K, 56% used [0x00000000d5a80000,0x00000000d5b10000,0x00000000d5b80000)
  to   space 1024K, 0% used [0x00000000d5b80000,0x00000000d5b80000,0x00000000d5c80000)
 ParOldGen       total 744960K, used 744478K [0x0000000080000000, 0x00000000ad780000, 0x00000000d5580000)
  object space 744960K, 99% used [0x0000000080000000,0x00000000ad707b38,0x00000000ad780000)
 Metaspace       used 97875K, committed 99712K, reserved 1179648K
  class space    used 9763K, committed 10624K, reserved 1048576K
}
Event: 909.799 GC heap before
{Heap before GC invocations=7182 (full 12):
 PSYoungGen      total 6144K, used 5696K [0x00000000d5580000, 0x00000000d5c80000, 0x0000000100000000)
  eden space 5120K, 100% used [0x00000000d5580000,0x00000000d5a80000,0x00000000d5a80000)
  from space 1024K, 56% used [0x00000000d5a80000,0x00000000d5b10000,0x00000000d5b80000)
  to   space 1024K, 0% used [0x00000000d5b80000,0x00000000d5b80000,0x00000000d5c80000)
 ParOldGen       total 744960K, used 744478K [0x0000000080000000, 0x00000000ad780000, 0x00000000d5580000)
  object space 744960K, 99% used [0x0000000080000000,0x00000000ad707b38,0x00000000ad780000)
 Metaspace       used 97875K, committed 99712K, reserved 1179648K
  class space    used 9763K, committed 10624K, reserved 1048576K
}
Event: 909.800 GC heap after
{Heap after GC invocations=7182 (full 12):
 PSYoungGen      total 6144K, used 608K [0x00000000d5580000, 0x00000000d5c80000, 0x0000000100000000)
  eden space 5120K, 0% used [0x00000000d5580000,0x00000000d5580000,0x00000000d5a80000)
  from space 1024K, 59% used [0x00000000d5b80000,0x00000000d5c18020,0x00000000d5c80000)
  to   space 1024K, 0% used [0x00000000d5a80000,0x00000000d5a80000,0x00000000d5b80000)
 ParOldGen       total 744960K, used 744862K [0x0000000080000000, 0x00000000ad780000, 0x00000000d5580000)
  object space 744960K, 99% used [0x0000000080000000,0x00000000ad767b78,0x00000000ad780000)
 Metaspace       used 97875K, committed 99712K, reserved 1179648K
  class space    used 9763K, committed 10624K, reserved 1048576K
}
Event: 910.075 GC heap before
{Heap before GC invocations=7183 (full 12):
 PSYoungGen      total 6144K, used 5728K [0x00000000d5580000, 0x00000000d5c80000, 0x0000000100000000)
  eden space 5120K, 100% used [0x00000000d5580000,0x00000000d5a80000,0x00000000d5a80000)
  from space 1024K, 59% used [0x00000000d5b80000,0x00000000d5c18020,0x00000000d5c80000)
  to   space 1024K, 0% used [0x00000000d5a80000,0x00000000d5a80000,0x00000000d5b80000)
 ParOldGen       total 744960K, used 744862K [0x0000000080000000, 0x00000000ad780000, 0x00000000d5580000)
  object space 744960K, 99% used [0x0000000080000000,0x00000000ad767b78,0x00000000ad780000)
 Metaspace       used 97875K, committed 99712K, reserved 1179648K
  class space    used 9763K, committed 10624K, reserved 1048576K
}
Event: 910.076 GC heap after
{Heap after GC invocations=7183 (full 12):
 PSYoungGen      total 6144K, used 832K [0x00000000d5580000, 0x00000000d5c80000, 0x0000000100000000)
  eden space 5120K, 0% used [0x00000000d5580000,0x00000000d5580000,0x00000000d5a80000)
  from space 1024K, 81% used [0x00000000d5a80000,0x00000000d5b50000,0x00000000d5b80000)
  to   space 1024K, 0% used [0x00000000d5b80000,0x00000000d5b80000,0x00000000d5c80000)
 ParOldGen       total 745472K, used 745310K [0x0000000080000000, 0x00000000ad800000, 0x00000000d5580000)
  object space 745472K, 99% used [0x0000000080000000,0x00000000ad7d7bd8,0x00000000ad800000)
 Metaspace       used 97875K, committed 99712K, reserved 1179648K
  class space    used 9763K, committed 10624K, reserved 1048576K
}
Event: 910.377 GC heap before
{Heap before GC invocations=7184 (full 12):
 PSYoungGen      total 6144K, used 5952K [0x00000000d5580000, 0x00000000d5c80000, 0x0000000100000000)
  eden space 5120K, 100% used [0x00000000d5580000,0x00000000d5a80000,0x00000000d5a80000)
  from space 1024K, 81% used [0x00000000d5a80000,0x00000000d5b50000,0x00000000d5b80000)
  to   space 1024K, 0% used [0x00000000d5b80000,0x00000000d5b80000,0x00000000d5c80000)
 ParOldGen       total 745472K, used 745310K [0x0000000080000000, 0x00000000ad800000, 0x00000000d5580000)
  object space 745472K, 99% used [0x0000000080000000,0x00000000ad7d7bd8,0x00000000ad800000)
 Metaspace       used 97875K, committed 99712K, reserved 1179648K
  class space    used 9763K, committed 10624K, reserved 1048576K
}
Event: 910.378 GC heap after
{Heap after GC invocations=7184 (full 12):
 PSYoungGen      total 6144K, used 512K [0x00000000d5580000, 0x00000000d5c80000, 0x0000000100000000)
  eden space 5120K, 0% used [0x00000000d5580000,0x00000000d5580000,0x00000000d5a80000)
  from space 1024K, 50% used [0x00000000d5b80000,0x00000000d5c00000,0x00000000d5c80000)
  to   space 1024K, 0% used [0x00000000d5a80000,0x00000000d5a80000,0x00000000d5b80000)
 ParOldGen       total 746496K, used 745986K [0x0000000080000000, 0x00000000ad900000, 0x00000000d5580000)
  object space 746496K, 99% used [0x0000000080000000,0x00000000ad880be8,0x00000000ad900000)
 Metaspace       used 97875K, committed 99712K, reserved 1179648K
  class space    used 9763K, committed 10624K, reserved 1048576K
}
Event: 910.396 GC heap before
{Heap before GC invocations=7185 (full 12):
 PSYoungGen      total 6144K, used 5632K [0x00000000d5580000, 0x00000000d5c80000, 0x0000000100000000)
  eden space 5120K, 100% used [0x00000000d5580000,0x00000000d5a80000,0x00000000d5a80000)
  from space 1024K, 50% used [0x00000000d5b80000,0x00000000d5c00000,0x00000000d5c80000)
  to   space 1024K, 0% used [0x00000000d5a80000,0x00000000d5a80000,0x00000000d5b80000)
 ParOldGen       total 746496K, used 745986K [0x0000000080000000, 0x00000000ad900000, 0x00000000d5580000)
  object space 746496K, 99% used [0x0000000080000000,0x00000000ad880be8,0x00000000ad900000)
 Metaspace       used 97875K, committed 99712K, reserved 1179648K
  class space    used 9763K, committed 10624K, reserved 1048576K
}
Event: 910.398 GC heap after
{Heap after GC invocations=7185 (full 12):
 PSYoungGen      total 6144K, used 1015K [0x00000000d5580000, 0x00000000d6580000, 0x0000000100000000)
  eden space 5120K, 0% used [0x00000000d5580000,0x00000000d5580000,0x00000000d5a80000)
  from space 1024K, 99% used [0x00000000d5a80000,0x00000000d5b7df58,0x00000000d5b80000)
  to   space 5632K, 0% used [0x00000000d6000000,0x00000000d6000000,0x00000000d6580000)
 ParOldGen       total 750080K, used 749620K [0x0000000080000000, 0x00000000adc80000, 0x00000000d5580000)
  object space 750080K, 99% used [0x0000000080000000,0x00000000adc0d148,0x00000000adc80000)
 Metaspace       used 97875K, committed 99712K, reserved 1179648K
  class space    used 9763K, committed 10624K, reserved 1048576K
}
Event: 910.406 GC heap before
{Heap before GC invocations=7186 (full 12):
 PSYoungGen      total 6144K, used 6135K [0x00000000d5580000, 0x00000000d6580000, 0x0000000100000000)
  eden space 5120K, 100% used [0x00000000d5580000,0x00000000d5a80000,0x00000000d5a80000)
  from space 1024K, 99% used [0x00000000d5a80000,0x00000000d5b7df58,0x00000000d5b80000)
  to   space 5632K, 0% used [0x00000000d6000000,0x00000000d6000000,0x00000000d6580000)
 ParOldGen       total 750080K, used 749620K [0x0000000080000000, 0x00000000adc80000, 0x00000000d5580000)
  object space 750080K, 99% used [0x0000000080000000,0x00000000adc0d148,0x00000000adc80000)
 Metaspace       used 97875K, committed 99712K, reserved 1179648K
  class space    used 9763K, committed 10624K, reserved 1048576K
}
Event: 910.409 GC heap after
{Heap after GC invocations=7186 (full 12):
 PSYoungGen      total 10240K, used 5344K [0x00000000d5580000, 0x00000000d6680000, 0x0000000100000000)
  eden space 4608K, 0% used [0x00000000d5580000,0x00000000d5580000,0x00000000d5a00000)
  from space 5632K, 94% used [0x00000000d6000000,0x00000000d6538000,0x00000000d6580000)
  to   space 6144K, 0% used [0x00000000d5a00000,0x00000000d5a00000,0x00000000d6000000)
 ParOldGen       total 751104K, used 750708K [0x0000000080000000, 0x00000000add80000, 0x00000000d5580000)
  object space 751104K, 99% used [0x0000000080000000,0x00000000add1d0b0,0x00000000add80000)
 Metaspace       used 97875K, committed 99712K, reserved 1179648K
  class space    used 9763K, committed 10624K, reserved 1048576K
}
Event: 910.418 GC heap before
{Heap before GC invocations=7187 (full 12):
 PSYoungGen      total 10240K, used 9952K [0x00000000d5580000, 0x00000000d6680000, 0x0000000100000000)
  eden space 4608K, 100% used [0x00000000d5580000,0x00000000d5a00000,0x00000000d5a00000)
  from space 5632K, 94% used [0x00000000d6000000,0x00000000d6538000,0x00000000d6580000)
  to   space 6144K, 0% used [0x00000000d5a00000,0x00000000d5a00000,0x00000000d6000000)
 ParOldGen       total 751104K, used 750708K [0x0000000080000000, 0x00000000add80000, 0x00000000d5580000)
  object space 751104K, 99% used [0x0000000080000000,0x00000000add1d0b0,0x00000000add80000)
 Metaspace       used 97875K, committed 99712K, reserved 1179648K
  class space    used 9763K, committed 10624K, reserved 1048576K
}
Event: 910.422 GC heap after
{Heap after GC invocations=7187 (full 12):
 PSYoungGen      total 9728K, used 4800K [0x00000000d5580000, 0x00000000d6400000, 0x0000000100000000)
  eden space 4608K, 0% used [0x00000000d5580000,0x00000000d5580000,0x00000000d5a00000)
  from space 5120K, 93% used [0x00000000d5a00000,0x00000000d5eb0000,0x00000000d5f00000)
  to   space 5120K, 0% used [0x00000000d5f00000,0x00000000d5f00000,0x00000000d6400000)
 ParOldGen       total 756224K, used 755884K [0x0000000080000000, 0x00000000ae280000, 0x00000000d5580000)
  object space 756224K, 99% used [0x0000000080000000,0x00000000ae22b0b0,0x00000000ae280000)
 Metaspace       used 97875K, committed 99712K, reserved 1179648K
  class space    used 9763K, committed 10624K, reserved 1048576K
}
Event: 910.433 GC heap before
{Heap before GC invocations=7188 (full 12):
 PSYoungGen      total 9728K, used 9408K [0x00000000d5580000, 0x00000000d6400000, 0x0000000100000000)
  eden space 4608K, 100% used [0x00000000d5580000,0x00000000d5a00000,0x00000000d5a00000)
  from space 5120K, 93% used [0x00000000d5a00000,0x00000000d5eb0000,0x00000000d5f00000)
  to   space 5120K, 0% used [0x00000000d5f00000,0x00000000d5f00000,0x00000000d6400000)
 ParOldGen       total 756224K, used 755884K [0x0000000080000000, 0x00000000ae280000, 0x00000000d5580000)
  object space 756224K, 99% used [0x0000000080000000,0x00000000ae22b0b0,0x00000000ae280000)
 Metaspace       used 97875K, committed 99712K, reserved 1179648K
  class space    used 9763K, committed 10624K, reserved 1048576K
}
Event: 910.436 GC heap after
{Heap after GC invocations=7188 (full 12):
 PSYoungGen      total 9216K, used 4305K [0x00000000d5580000, 0x00000000d6380000, 0x0000000100000000)
  eden space 4608K, 0% used [0x00000000d5580000,0x00000000d5580000,0x00000000d5a00000)
  from space 4608K, 93% used [0x00000000d5f00000,0x00000000d6334600,0x00000000d6380000)
  to   space 4608K, 0% used [0x00000000d5a80000,0x00000000d5a80000,0x00000000d5f00000)
 ParOldGen       total 760832K, used 760548K [0x0000000080000000, 0x00000000ae700000, 0x00000000d5580000)
  object space 760832K, 99% used [0x0000000080000000,0x00000000ae6b90b0,0x00000000ae700000)
 Metaspace       used 97875K, committed 99712K, reserved 1179648K
  class space    used 9763K, committed 10624K, reserved 1048576K
}
Event: 910.461 GC heap before
{Heap before GC invocations=7189 (full 12):
 PSYoungGen      total 9216K, used 8913K [0x00000000d5580000, 0x00000000d6380000, 0x0000000100000000)
  eden space 4608K, 100% used [0x00000000d5580000,0x00000000d5a00000,0x00000000d5a00000)
  from space 4608K, 93% used [0x00000000d5f00000,0x00000000d6334600,0x00000000d6380000)
  to   space 4608K, 0% used [0x00000000d5a80000,0x00000000d5a80000,0x00000000d5f00000)
 ParOldGen       total 760832K, used 760548K [0x0000000080000000, 0x00000000ae700000, 0x00000000d5580000)
  object space 760832K, 99% used [0x0000000080000000,0x00000000ae6b90b0,0x00000000ae700000)
 Metaspace       used 97875K, committed 99712K, reserved 1179648K
  class space    used 9763K, committed 10624K, reserved 1048576K
}
Event: 910.464 GC heap after
{Heap after GC invocations=7189 (full 12):
 PSYoungGen      total 8704K, used 3942K [0x00000000d5580000, 0x00000000d6300000, 0x0000000100000000)
  eden space 4608K, 0% used [0x00000000d5580000,0x00000000d5580000,0x00000000d5a00000)
  from space 4096K, 96% used [0x00000000d5a80000,0x00000000d5e59800,0x00000000d5e80000)
  to   space 4608K, 0% used [0x00000000d5e80000,0x00000000d5e80000,0x00000000d6300000)
 ParOldGen       total 764416K, used 764284K [0x0000000080000000, 0x00000000aea80000, 0x00000000d5580000)
  object space 764416K, 99% used [0x0000000080000000,0x00000000aea5f0b0,0x00000000aea80000)
 Metaspace       used 97875K, committed 99712K, reserved 1179648K
  class space    used 9763K, committed 10624K, reserved 1048576K
}
Event: 910.491 GC heap before
{Heap before GC invocations=7190 (full 12):
 PSYoungGen      total 8704K, used 8550K [0x00000000d5580000, 0x00000000d6300000, 0x0000000100000000)
  eden space 4608K, 100% used [0x00000000d5580000,0x00000000d5a00000,0x00000000d5a00000)
  from space 4096K, 96% used [0x00000000d5a80000,0x00000000d5e59800,0x00000000d5e80000)
  to   space 4608K, 0% used [0x00000000d5e80000,0x00000000d5e80000,0x00000000d6300000)
 ParOldGen       total 764416K, used 764284K [0x0000000080000000, 0x00000000aea80000, 0x00000000d5580000)
  object space 764416K, 99% used [0x0000000080000000,0x00000000aea5f0b0,0x00000000aea80000)
 Metaspace       used 97875K, committed 99712K, reserved 1179648K
  class space    used 9763K, committed 10624K, reserved 1048576K
}

