# JRE version: OpenJDK Runtime Environment Temurin-21.0.8+9 (21.0.8+9) (build 21.0.8+9-LTS)
# Java VM: OpenJDK 64-Bit Server VM Temurin-21.0.8+9 (21.0.8+9-LTS, mixed mode, sharing, tiered, compressed oops, compressed class ptrs, parallel gc, windows-amd64)
GC Precious Log:
 CardTable entry size: 512
 CPUs: 16 total, 16 available
 Memory: 16306M
 Large Page Support: Disabled
 NUMA Support: Disabled
 Compressed Oops: Enabled (32-bit)
 Alignments: Space 512K, Generation 512K, Heap 2M
 Heap Min Capacity: 100M
 Heap Initial Capacity: 100M
 Heap Max Capacity: 2G
 Pre-touch: Disabled
 Parallel Workers: 13
Heap:
 PSYoungGen      total 3584K, used 3581K [0x00000000d5580000, 0x00000000d6780000, 0x0000000100000000)
  eden space 512K, 100% used [0x00000000d5580000,0x00000000d5600000,0x00000000d5600000)
  from space 3072K, 99% used [0x00000000d5c80000,0x00000000d5f7f450,0x00000000d5f80000)
  to   space 6656K, 3% used [0x00000000d5600000,0x00000000d5638000,0x00000000d5c80000)
 ParOldGen       total 332288K, used 332076K [0x0000000080000000, 0x0000000094480000, 0x00000000d5580000)
  object space 332288K, 99% used [0x0000000080000000,0x000000009444b190,0x0000000094480000)
 Metaspace       used 102844K, committed 104832K, reserved 1179648K
  class space    used 9936K, committed 10944K, reserved 1048576K
GC Heap History (20 events):
Event: 10343.183 GC heap after
{Heap after GC invocations=24690 (full 35):
 PSYoungGen      total 1536K, used 672K [0x00000000d5580000, 0x00000000d5e00000, 0x0000000100000000)
  eden space 512K, 0% used [0x00000000d5580000,0x00000000d5580000,0x00000000d5600000)
  from space 1024K, 65% used [0x00000000d5600000,0x00000000d56a8000,0x00000000d5700000)
  to   space 3072K, 0% used [0x00000000d5b00000,0x00000000d5b00000,0x00000000d5e00000)
 ParOldGen       total 320000K, used 314239K [0x0000000080000000, 0x0000000093880000, 0x00000000d5580000)
  object space 320000K, 98% used [0x0000000080000000,0x00000000932dfc20,0x0000000093880000)
 Metaspace       used 102844K, committed 104832K, reserved 1179648K
  class space    used 9936K, committed 10944K, reserved 1048576K
}
Event: 10343.184 GC heap before
{Heap before GC invocations=24691 (full 35):
 PSYoungGen      total 1536K, used 1183K [0x00000000d5580000, 0x00000000d5e00000, 0x0000000100000000)
  eden space 512K, 99% used [0x00000000d5580000,0x00000000d55ffff8,0x00000000d5600000)
  from space 1024K, 65% used [0x00000000d5600000,0x00000000d56a8000,0x00000000d5700000)
  to   space 3072K, 0% used [0x00000000d5b00000,0x00000000d5b00000,0x00000000d5e00000)
 ParOldGen       total 320000K, used 314239K [0x0000000080000000, 0x0000000093880000, 0x00000000d5580000)
  object space 320000K, 98% used [0x0000000080000000,0x00000000932dfc20,0x0000000093880000)
 Metaspace       used 102844K, committed 104832K, reserved 1179648K
  class space    used 9936K, committed 10944K, reserved 1048576K
}
Event: 10343.185 GC heap after
{Heap after GC invocations=24691 (full 35):
 PSYoungGen      total 2048K, used 672K [0x00000000d5580000, 0x00000000d5c00000, 0x0000000100000000)
  eden space 1024K, 0% used [0x00000000d5580000,0x00000000d5580000,0x00000000d5680000)
  from space 1024K, 65% used [0x00000000d5b00000,0x00000000d5ba8000,0x00000000d5c00000)
  to   space 1536K, 0% used [0x00000000d5900000,0x00000000d5900000,0x00000000d5a80000)
 ParOldGen       total 320000K, used 314759K [0x0000000080000000, 0x0000000093880000, 0x00000000d5580000)
  object space 320000K, 98% used [0x0000000080000000,0x0000000093361c20,0x0000000093880000)
 Metaspace       used 102844K, committed 104832K, reserved 1179648K
  class space    used 9936K, committed 10944K, reserved 1048576K
}
Event: 10343.186 GC heap before
{Heap before GC invocations=24692 (full 35):
 PSYoungGen      total 2048K, used 1696K [0x00000000d5580000, 0x00000000d5c00000, 0x0000000100000000)
  eden space 1024K, 100% used [0x00000000d5580000,0x00000000d5680000,0x00000000d5680000)
  from space 1024K, 65% used [0x00000000d5b00000,0x00000000d5ba8000,0x00000000d5c00000)
  to   space 1536K, 0% used [0x00000000d5900000,0x00000000d5900000,0x00000000d5a80000)
 ParOldGen       total 320000K, used 314759K [0x0000000080000000, 0x0000000093880000, 0x00000000d5580000)
  object space 320000K, 98% used [0x0000000080000000,0x0000000093361c20,0x0000000093880000)
 Metaspace       used 102844K, committed 104832K, reserved 1179648K
  class space    used 9936K, committed 10944K, reserved 1048576K
}
Event: 10343.187 GC heap after
{Heap after GC invocations=24692 (full 35):
 PSYoungGen      total 3072K, used 1184K [0x00000000d5580000, 0x00000000d5b80000, 0x0000000100000000)
  eden space 1536K, 0% used [0x00000000d5580000,0x00000000d5580000,0x00000000d5700000)
  from space 1536K, 77% used [0x00000000d5900000,0x00000000d5a28000,0x00000000d5a80000)
  to   space 1024K, 0% used [0x00000000d5a80000,0x00000000d5a80000,0x00000000d5b80000)
 ParOldGen       total 320000K, used 315303K [0x0000000080000000, 0x0000000093880000, 0x00000000d5580000)
  object space 320000K, 98% used [0x0000000080000000,0x00000000933e9c20,0x0000000093880000)
 Metaspace       used 102844K, committed 104832K, reserved 1179648K
  class space    used 9936K, committed 10944K, reserved 1048576K
}
Event: 10343.190 GC heap before
{Heap before GC invocations=24693 (full 35):
 PSYoungGen      total 3072K, used 2720K [0x00000000d5580000, 0x00000000d5b80000, 0x0000000100000000)
  eden space 1536K, 100% used [0x00000000d5580000,0x00000000d5700000,0x00000000d5700000)
  from space 1536K, 77% used [0x00000000d5900000,0x00000000d5a28000,0x00000000d5a80000)
  to   space 1024K, 0% used [0x00000000d5a80000,0x00000000d5a80000,0x00000000d5b80000)
 ParOldGen       total 320000K, used 315303K [0x0000000080000000, 0x0000000093880000, 0x00000000d5580000)
  object space 320000K, 98% used [0x0000000080000000,0x00000000933e9c20,0x0000000093880000)
 Metaspace       used 102844K, committed 104832K, reserved 1179648K
  class space    used 9936K, committed 10944K, reserved 1048576K
}
Event: 10343.191 GC heap after
{Heap after GC invocations=24693 (full 35):
 PSYoungGen      total 3072K, used 1024K [0x00000000d5580000, 0x00000000d5d80000, 0x0000000100000000)
  eden space 2048K, 0% used [0x00000000d5580000,0x00000000d5580000,0x00000000d5780000)
  from space 1024K, 100% used [0x00000000d5a80000,0x00000000d5b80000,0x00000000d5b80000)
  to   space 3072K, 0% used [0x00000000d5780000,0x00000000d5780000,0x00000000d5a80000)
 ParOldGen       total 320000K, used 316855K [0x0000000080000000, 0x0000000093880000, 0x00000000d5580000)
  object space 320000K, 99% used [0x0000000080000000,0x000000009356dc20,0x0000000093880000)
 Metaspace       used 102844K, committed 104832K, reserved 1179648K
  class space    used 9936K, committed 10944K, reserved 1048576K
}
Event: 10343.194 GC heap before
{Heap before GC invocations=24694 (full 35):
 PSYoungGen      total 3072K, used 3072K [0x00000000d5580000, 0x00000000d5d80000, 0x0000000100000000)
  eden space 2048K, 100% used [0x00000000d5580000,0x00000000d5780000,0x00000000d5780000)
  from space 1024K, 100% used [0x00000000d5a80000,0x00000000d5b80000,0x00000000d5b80000)
  to   space 3072K, 0% used [0x00000000d5780000,0x00000000d5780000,0x00000000d5a80000)
 ParOldGen       total 320000K, used 316855K [0x0000000080000000, 0x0000000093880000, 0x00000000d5580000)
  object space 320000K, 99% used [0x0000000080000000,0x000000009356dc20,0x0000000093880000)
 Metaspace       used 102844K, committed 104832K, reserved 1179648K
  class space    used 9936K, committed 10944K, reserved 1048576K
}
Event: 10343.196 GC heap after
{Heap after GC invocations=24694 (full 35):
 PSYoungGen      total 5120K, used 2208K [0x00000000d5580000, 0x00000000d5d00000, 0x0000000100000000)
  eden space 2048K, 0% used [0x00000000d5580000,0x00000000d5580000,0x00000000d5780000)
  from space 3072K, 71% used [0x00000000d5780000,0x00000000d59a8000,0x00000000d5a80000)
  to   space 2560K, 0% used [0x00000000d5a80000,0x00000000d5a80000,0x00000000d5d00000)
 ParOldGen       total 320000K, used 317951K [0x0000000080000000, 0x0000000093880000, 0x00000000d5580000)
  object space 320000K, 99% used [0x0000000080000000,0x000000009367fc20,0x0000000093880000)
 Metaspace       used 102844K, committed 104832K, reserved 1179648K
  class space    used 9936K, committed 10944K, reserved 1048576K
}
Event: 10343.199 GC heap before
{Heap before GC invocations=24695 (full 35):
 PSYoungGen      total 5120K, used 4256K [0x00000000d5580000, 0x00000000d5d00000, 0x0000000100000000)
  eden space 2048K, 100% used [0x00000000d5580000,0x00000000d5780000,0x00000000d5780000)
  from space 3072K, 71% used [0x00000000d5780000,0x00000000d59a8000,0x00000000d5a80000)
  to   space 2560K, 0% used [0x00000000d5a80000,0x00000000d5a80000,0x00000000d5d00000)
 ParOldGen       total 320000K, used 317951K [0x0000000080000000, 0x0000000093880000, 0x00000000d5580000)
  object space 320000K, 99% used [0x0000000080000000,0x000000009367fc20,0x0000000093880000)
 Metaspace       used 102844K, committed 104832K, reserved 1179648K
  class space    used 9936K, committed 10944K, reserved 1048576K
}
Event: 10343.201 GC heap after
{Heap after GC invocations=24695 (full 35):
 PSYoungGen      total 5120K, used 2208K [0x00000000d5580000, 0x00000000d5d00000, 0x0000000100000000)
  eden space 2560K, 0% used [0x00000000d5580000,0x00000000d5580000,0x00000000d5800000)
  from space 2560K, 86% used [0x00000000d5a80000,0x00000000d5ca8000,0x00000000d5d00000)
  to   space 2560K, 0% used [0x00000000d5800000,0x00000000d5800000,0x00000000d5a80000)
 ParOldGen       total 320512K, used 320071K [0x0000000080000000, 0x0000000093900000, 0x00000000d5580000)
  object space 320512K, 99% used [0x0000000080000000,0x0000000093891c20,0x0000000093900000)
 Metaspace       used 102844K, committed 104832K, reserved 1179648K
  class space    used 9936K, committed 10944K, reserved 1048576K
}
Event: 10343.205 GC heap before
{Heap before GC invocations=24696 (full 35):
 PSYoungGen      total 5120K, used 4768K [0x00000000d5580000, 0x00000000d5d00000, 0x0000000100000000)
  eden space 2560K, 100% used [0x00000000d5580000,0x00000000d5800000,0x00000000d5800000)
  from space 2560K, 86% used [0x00000000d5a80000,0x00000000d5ca8000,0x00000000d5d00000)
  to   space 2560K, 0% used [0x00000000d5800000,0x00000000d5800000,0x00000000d5a80000)
 ParOldGen       total 320512K, used 320071K [0x0000000080000000, 0x0000000093900000, 0x00000000d5580000)
  object space 320512K, 99% used [0x0000000080000000,0x0000000093891c20,0x0000000093900000)
 Metaspace       used 102844K, committed 104832K, reserved 1179648K
  class space    used 9936K, committed 10944K, reserved 1048576K
}
Event: 10343.206 GC heap after
{Heap after GC invocations=24696 (full 35):
 PSYoungGen      total 5120K, used 2560K [0x00000000d5580000, 0x00000000d6280000, 0x0000000100000000)
  eden space 2560K, 0% used [0x00000000d5580000,0x00000000d5580000,0x00000000d5800000)
  from space 2560K, 100% used [0x00000000d5800000,0x00000000d5a80000,0x00000000d5a80000)
  to   space 5120K, 0% used [0x00000000d5d80000,0x00000000d5d80000,0x00000000d6280000)
 ParOldGen       total 322560K, used 322183K [0x0000000080000000, 0x0000000093b00000, 0x00000000d5580000)
  object space 322560K, 99% used [0x0000000080000000,0x0000000093aa1c20,0x0000000093b00000)
 Metaspace       used 102844K, committed 104832K, reserved 1179648K
  class space    used 9936K, committed 10944K, reserved 1048576K
}
Event: 10343.214 GC heap before
{Heap before GC invocations=24697 (full 35):
 PSYoungGen      total 5120K, used 4996K [0x00000000d5580000, 0x00000000d6280000, 0x0000000100000000)
  eden space 2560K, 95% used [0x00000000d5580000,0x00000000d57e1098,0x00000000d5800000)
  from space 2560K, 100% used [0x00000000d5800000,0x00000000d5a80000,0x00000000d5a80000)
  to   space 5120K, 0% used [0x00000000d5d80000,0x00000000d5d80000,0x00000000d6280000)
 ParOldGen       total 322560K, used 322183K [0x0000000080000000, 0x0000000093b00000, 0x00000000d5580000)
  object space 322560K, 99% used [0x0000000080000000,0x0000000093aa1c20,0x0000000093b00000)
 Metaspace       used 102844K, committed 104832K, reserved 1179648K
  class space    used 9936K, committed 10944K, reserved 1048576K
}
Event: 10343.216 GC heap after
{Heap after GC invocations=24697 (full 35):
 PSYoungGen      total 5632K, used 2118K [0x00000000d5580000, 0x00000000d6000000, 0x0000000100000000)
  eden space 3072K, 0% used [0x00000000d5580000,0x00000000d5580000,0x00000000d5880000)
  from space 2560K, 82% used [0x00000000d5d80000,0x00000000d5f91a00,0x00000000d6000000)
  to   space 3072K, 0% used [0x00000000d5a00000,0x00000000d5a00000,0x00000000d5d00000)
 ParOldGen       total 325120K, used 324759K [0x0000000080000000, 0x0000000093d80000, 0x00000000d5580000)
  object space 325120K, 99% used [0x0000000080000000,0x0000000093d25c20,0x0000000093d80000)
 Metaspace       used 102844K, committed 104832K, reserved 1179648K
  class space    used 9936K, committed 10944K, reserved 1048576K
}
Event: 10343.228 GC heap before
{Heap before GC invocations=24698 (full 35):
 PSYoungGen      total 5632K, used 4407K [0x00000000d5580000, 0x00000000d6000000, 0x0000000100000000)
  eden space 3072K, 74% used [0x00000000d5580000,0x00000000d57bc550,0x00000000d5880000)
  from space 2560K, 82% used [0x00000000d5d80000,0x00000000d5f91a00,0x00000000d6000000)
  to   space 3072K, 0% used [0x00000000d5a00000,0x00000000d5a00000,0x00000000d5d00000)
 ParOldGen       total 325120K, used 324759K [0x0000000080000000, 0x0000000093d80000, 0x00000000d5580000)
  object space 325120K, 99% used [0x0000000080000000,0x0000000093d25c20,0x0000000093d80000)
 Metaspace       used 102844K, committed 104832K, reserved 1179648K
  class space    used 9936K, committed 10944K, reserved 1048576K
}
Event: 10343.230 GC heap after
{Heap after GC invocations=24698 (full 35):
 PSYoungGen      total 6656K, used 2489K [0x00000000d5580000, 0x00000000d5f80000, 0x0000000100000000)
  eden space 4096K, 0% used [0x00000000d5580000,0x00000000d5580000,0x00000000d5980000)
  from space 2560K, 97% used [0x00000000d5a00000,0x00000000d5c6e700,0x00000000d5c80000)
  to   space 3072K, 0% used [0x00000000d5c80000,0x00000000d5c80000,0x00000000d5f80000)
 ParOldGen       total 326656K, used 326282K [0x0000000080000000, 0x0000000093f00000, 0x00000000d5580000)
  object space 326656K, 99% used [0x0000000080000000,0x0000000093ea2920,0x0000000093f00000)
 Metaspace       used 102844K, committed 104832K, reserved 1179648K
  class space    used 9936K, committed 10944K, reserved 1048576K
}
Event: 10343.256 GC heap before
{Heap before GC invocations=24699 (full 35):
 PSYoungGen      total 6656K, used 6585K [0x00000000d5580000, 0x00000000d5f80000, 0x0000000100000000)
  eden space 4096K, 99% used [0x00000000d5580000,0x00000000d597fff0,0x00000000d5980000)
  from space 2560K, 97% used [0x00000000d5a00000,0x00000000d5c6e700,0x00000000d5c80000)
  to   space 3072K, 0% used [0x00000000d5c80000,0x00000000d5c80000,0x00000000d5f80000)
 ParOldGen       total 326656K, used 326282K [0x0000000080000000, 0x0000000093f00000, 0x00000000d5580000)
  object space 326656K, 99% used [0x0000000080000000,0x0000000093ea2920,0x0000000093f00000)
 Metaspace       used 102844K, committed 104832K, reserved 1179648K
  class space    used 9936K, committed 10944K, reserved 1048576K
}
Event: 10343.258 GC heap after
{Heap after GC invocations=24699 (full 35):
 PSYoungGen      total 3584K, used 3069K [0x00000000d5580000, 0x00000000d6780000, 0x0000000100000000)
  eden space 512K, 0% used [0x00000000d5580000,0x00000000d5580000,0x00000000d5600000)
  from space 3072K, 99% used [0x00000000d5c80000,0x00000000d5f7f450,0x00000000d5f80000)
  to   space 6656K, 0% used [0x00000000d5600000,0x00000000d5600000,0x00000000d5c80000)
 ParOldGen       total 329216K, used 329071K [0x0000000080000000, 0x0000000094180000, 0x00000000d5580000)
  object space 329216K, 99% used [0x0000000080000000,0x000000009415bd20,0x0000000094180000)
 Metaspace       used 102844K, committed 104832K, reserved 1179648K
  class space    used 9936K, committed 10944K, reserved 1048576K
}
Event: 10343.259 GC heap before
{Heap before GC invocations=24700 (full 35):
 PSYoungGen      total 3584K, used 3581K [0x00000000d5580000, 0x00000000d6780000, 0x0000000100000000)
  eden space 512K, 100% used [0x00000000d5580000,0x00000000d5600000,0x00000000d5600000)
  from space 3072K, 99% used [0x00000000d5c80000,0x00000000d5f7f450,0x00000000d5f80000)
  to   space 6656K, 0% used [0x00000000d5600000,0x00000000d5600000,0x00000000d5c80000)
 ParOldGen       total 329216K, used 329071K [0x0000000080000000, 0x0000000094180000, 0x00000000d5580000)
  object space 329216K, 99% used [0x0000000080000000,0x000000009415bd20,0x0000000094180000)
 Metaspace       used 102844K, committed 104832K, reserved 1179648K
  class space    used 9936K, committed 10944K, reserved 1048576K
}

