# JRE version: OpenJDK Runtime Environment Temurin-21.0.8+9 (21.0.8+9) (build 21.0.8+9-LTS)
# Java VM: OpenJDK 64-Bit Server VM Temurin-21.0.8+9 (21.0.8+9-LTS, mixed mode, sharing, tiered, compressed oops, compressed class ptrs, g1 gc, windows-amd64)
GC Precious Log:
 CardTable entry size: 512
 Card Set container configuration: InlinePtr #cards 4 size 8 Array Of Cards #cards 16 size 48 Howl #buckets 8 coarsen threshold 3686 Howl Bitmap #cards 512 size 80 coarsen threshold 460 Card regions per heap region 1 cards per card region 4096
 CPUs: 16 total, 16 available
 Memory: 16306M
 Large Page Support: Disabled
 NUMA Support: Disabled
 Compressed Oops: Enabled (Zero based)
 Heap Region Size: 2M
 Heap Min Capacity: 8M
 Heap Initial Capacity: 256M
 Heap Max Capacity: 4078M
 Pre-touch: Disabled
 Parallel Workers: 13
 Concurrent Workers: 3
 Concurrent Refinement Workers: 13
 Periodic GC: Disabled
Heap:
 garbage-first heap   total 385024K, used 319125K [0x0000000701200000, 0x0000000800000000)
  region size 2048K, 112 young (229376K), 4 survivors (8192K)
 Metaspace       used 31911K, committed 32448K, reserved 1114112K
  class space    used 3495K, committed 3776K, reserved 1048576K
GC Heap History (20 events):
Event: 4.724 GC heap after
{Heap after GC invocations=12 (full 0):
 garbage-first heap   total 172032K, used 68424K [0x0000000701200000, 0x0000000800000000)
  region size 2048K, 2 young (4096K), 2 survivors (4096K)
 Metaspace       used 28266K, committed 28544K, reserved 1114112K
  class space    used 3127K, committed 3264K, reserved 1048576K
}
Event: 5.624 GC heap before
{Heap before GC invocations=12 (full 0):
 garbage-first heap   total 172032K, used 127816K [0x0000000701200000, 0x0000000800000000)
  region size 2048K, 32 young (65536K), 2 survivors (4096K)
 Metaspace       used 30672K, committed 31040K, reserved 1114112K
  class space    used 3365K, committed 3520K, reserved 1048576K
}
Event: 5.629 GC heap after
{Heap after GC invocations=13 (full 0):
 garbage-first heap   total 172032K, used 70985K [0x0000000701200000, 0x0000000800000000)
  region size 2048K, 3 young (6144K), 3 survivors (6144K)
 Metaspace       used 30672K, committed 31040K, reserved 1114112K
  class space    used 3365K, committed 3520K, reserved 1048576K
}
Event: 6.001 GC heap before
{Heap before GC invocations=13 (full 0):
 garbage-first heap   total 172032K, used 134473K [0x0000000701200000, 0x0000000800000000)
  region size 2048K, 34 young (69632K), 3 survivors (6144K)
 Metaspace       used 31248K, committed 31808K, reserved 1114112K
  class space    used 3451K, committed 3712K, reserved 1048576K
}
Event: 6.009 GC heap after
{Heap after GC invocations=14 (full 0):
 garbage-first heap   total 172032K, used 72880K [0x0000000701200000, 0x0000000800000000)
  region size 2048K, 3 young (6144K), 3 survivors (6144K)
 Metaspace       used 31248K, committed 31808K, reserved 1114112K
  class space    used 3451K, committed 3712K, reserved 1048576K
}
Event: 6.223 GC heap before
{Heap before GC invocations=14 (full 0):
 garbage-first heap   total 172032K, used 138416K [0x0000000701200000, 0x0000000800000000)
  region size 2048K, 35 young (71680K), 3 survivors (6144K)
 Metaspace       used 31503K, committed 32000K, reserved 1114112K
  class space    used 3474K, committed 3712K, reserved 1048576K
}
Event: 6.228 GC heap after
{Heap after GC invocations=15 (full 0):
 garbage-first heap   total 172032K, used 74802K [0x0000000701200000, 0x0000000800000000)
  region size 2048K, 4 young (8192K), 4 survivors (8192K)
 Metaspace       used 31503K, committed 32000K, reserved 1114112K
  class space    used 3474K, committed 3712K, reserved 1048576K
}
Event: 6.366 GC heap before
{Heap before GC invocations=15 (full 0):
 garbage-first heap   total 172032K, used 142386K [0x0000000701200000, 0x0000000800000000)
  region size 2048K, 37 young (75776K), 4 survivors (8192K)
 Metaspace       used 31602K, committed 32192K, reserved 1114112K
  class space    used 3480K, committed 3776K, reserved 1048576K
}
Event: 6.374 GC heap after
{Heap after GC invocations=16 (full 0):
 garbage-first heap   total 172032K, used 78521K [0x0000000701200000, 0x0000000800000000)
  region size 2048K, 4 young (8192K), 4 survivors (8192K)
 Metaspace       used 31602K, committed 32192K, reserved 1114112K
  class space    used 3480K, committed 3776K, reserved 1048576K
}
Event: 6.502 GC heap before
{Heap before GC invocations=16 (full 0):
 garbage-first heap   total 172032K, used 148153K [0x0000000701200000, 0x0000000800000000)
  region size 2048K, 38 young (77824K), 4 survivors (8192K)
 Metaspace       used 31667K, committed 32256K, reserved 1114112K
  class space    used 3485K, committed 3776K, reserved 1048576K
}
Event: 6.510 GC heap after
{Heap after GC invocations=17 (full 0):
 garbage-first heap   total 262144K, used 82315K [0x0000000701200000, 0x0000000800000000)
  region size 2048K, 4 young (8192K), 4 survivors (8192K)
 Metaspace       used 31667K, committed 32256K, reserved 1114112K
  class space    used 3485K, committed 3776K, reserved 1048576K
}
Event: 6.741 GC heap before
{Heap before GC invocations=17 (full 0):
 garbage-first heap   total 262144K, used 219531K [0x0000000701200000, 0x0000000800000000)
  region size 2048K, 70 young (143360K), 4 survivors (8192K)
 Metaspace       used 31701K, committed 32256K, reserved 1114112K
  class space    used 3486K, committed 3776K, reserved 1048576K
}
Event: 6.751 GC heap after
{Heap after GC invocations=18 (full 0):
 garbage-first heap   total 262144K, used 90977K [0x0000000701200000, 0x0000000800000000)
  region size 2048K, 7 young (14336K), 7 survivors (14336K)
 Metaspace       used 31701K, committed 32256K, reserved 1114112K
  class space    used 3486K, committed 3776K, reserved 1048576K
}
Event: 6.936 GC heap before
{Heap before GC invocations=18 (full 0):
 garbage-first heap   total 262144K, used 224097K [0x0000000701200000, 0x0000000800000000)
  region size 2048K, 72 young (147456K), 7 survivors (14336K)
 Metaspace       used 31754K, committed 32320K, reserved 1114112K
  class space    used 3492K, committed 3776K, reserved 1048576K
}
Event: 6.945 GC heap after
{Heap after GC invocations=19 (full 0):
 garbage-first heap   total 262144K, used 93847K [0x0000000701200000, 0x0000000800000000)
  region size 2048K, 5 young (10240K), 5 survivors (10240K)
 Metaspace       used 31754K, committed 32320K, reserved 1114112K
  class space    used 3492K, committed 3776K, reserved 1048576K
}
Event: 7.190 GC heap before
{Heap before GC invocations=19 (full 0):
 garbage-first heap   total 262144K, used 231063K [0x0000000701200000, 0x0000000800000000)
  region size 2048K, 72 young (147456K), 5 survivors (10240K)
 Metaspace       used 31842K, committed 32384K, reserved 1114112K
  class space    used 3494K, committed 3776K, reserved 1048576K
}
Event: 7.200 GC heap after
{Heap after GC invocations=20 (full 0):
 garbage-first heap   total 262144K, used 98020K [0x0000000701200000, 0x0000000800000000)
  region size 2048K, 4 young (8192K), 4 survivors (8192K)
 Metaspace       used 31842K, committed 32384K, reserved 1114112K
  class space    used 3494K, committed 3776K, reserved 1048576K
}
Event: 7.430 GC heap before
{Heap before GC invocations=20 (full 0):
 garbage-first heap   total 262144K, used 233188K [0x0000000701200000, 0x0000000800000000)
  region size 2048K, 70 young (143360K), 4 survivors (8192K)
 Metaspace       used 31877K, committed 32448K, reserved 1114112K
  class space    used 3495K, committed 3776K, reserved 1048576K
}
Event: 7.436 GC heap after
{Heap after GC invocations=21 (full 0):
 garbage-first heap   total 385024K, used 97941K [0x0000000701200000, 0x0000000800000000)
  region size 2048K, 4 young (8192K), 4 survivors (8192K)
 Metaspace       used 31877K, committed 32448K, reserved 1114112K
  class space    used 3495K, committed 3776K, reserved 1048576K
}
Event: 7.754 GC heap before
{Heap before GC invocations=21 (full 0):
 garbage-first heap   total 385024K, used 319125K [0x0000000701200000, 0x0000000800000000)
  region size 2048K, 112 young (229376K), 4 survivors (8192K)
 Metaspace       used 31911K, committed 32448K, reserved 1114112K
  class space    used 3495K, committed 3776K, reserved 1048576K
}

